<?xml version="1.0" encoding="UTF-8"?>
<testsuites name="New Test Suite1" time="34" tests="1" failures="0" errors="0">
   <testsuite name="New Test Suite1" tests="1" failures="0" errors="0" time="34" timestamp="2018-05-15 11:36:47" hostname="Gregs Lap - GregsLap-PC.attlocal.net" id="Test Suites/New Test Suite1">
      <properties>
         <property name="deviceName" value=""/>
         <property name="devicePlatform" value=""/>
         <property name="logFolder" value="C:\\Users\\Gregs Lap\\git\\KatalonGitRepo1\\Reports\\New Test Suite1\\20180515_113638"/>
         <property name="logFiles" value="C:\\Users\\Gregs Lap\\git\\KatalonGitRepo1\\Reports\\New Test Suite1\\20180515_113638\\execution0.log"/>
         <property name="attachments" value=""/>
         <property name="hostName" value="Gregs Lap - GregsLap-PC.attlocal.net"/>
         <property name="os" value="Windows 10 64bit"/>
         <property name="katalonVersion" value="5.4.1.1"/>
         <property name="browser" value="Firefox 59.0"/>
         <property name="hostAddress" value="192.168.1.101"/>
         <property name="sessionId" value="5a037eae-f46d-4679-af9b-9adf2788441c"/>
         <property name="seleniumVersion" value="3.7.1"/>
         <property name="proxyInformation" value="ProxyInformation{proxyOption=NO_PROXY, proxyServerType=HTTP, password=, proxyServerAddress=, proxyServerPort=0}"/>
         <property name="platform" value="Windows 10"/>
      </properties>
      <testcase name="Test Cases/Test 1 by Tom" classname="Test Cases/Test 1 by Tom" status="PASSED">
         <system-out><![CDATA[2018-05-15 11:36:49 - [TEST_CASE][PASSED] - Test Cases/Test 1 by Tom: Test Cases/Test 1 by Tom

2018-05-15 11:36:50 - [TEST_STEP][PASSED] - openBrowser: Browser is opened with url: 'lifecharger.org'

2018-05-15 11:37:22 - [MESSAGE][PASSED] - Browser is opened with url: 'lifecharger.org'

2018-05-15 11:37:22 - [TEST_STEP][PASSED] - closeBrowser: Browser is closed

2018-05-15 11:37:22 - [MESSAGE][PASSED] - Browser is closed]]></system-out>
         <system-err><![CDATA[]]></system-err>
      </testcase>
      <system-out><![CDATA[2018-05-15 11:36:47 - [TEST_SUITE][PASSED] - New Test Suite1: Test Cases/Test 1 by Tom]]></system-out>
      <system-err><![CDATA[]]></system-err>
   </testsuite>
</testsuites>
