<?xml version="1.0" encoding="UTF-8"?>
<testsuites name="New Test Suite1" time="38" tests="2" failures="0" errors="0">
   <testsuite name="New Test Suite1" tests="2" failures="0" errors="0" time="38" timestamp="2018-05-17 09:15:26" hostname="GREGSLAP-PC$ - GregsLap-PC.attlocal.net" id="Test Suites/New Test Suite1">
      <properties>
         <property name="deviceName" value=""/>
         <property name="devicePlatform" value=""/>
         <property name="logFolder" value="C:\\Users\\Gregs Lap\\Katalon Studio\\git\\KatalonGitRepo1\\Reports\\New Test Suite1\\20180517_091520"/>
         <property name="logFiles" value="C:\\Users\\Gregs Lap\\Katalon Studio\\git\\KatalonGitRepo1\\Reports\\New Test Suite1\\20180517_091520\\execution0.log"/>
         <property name="attachments" value=""/>
         <property name="hostName" value="GREGSLAP-PC$ - GregsLap-PC.attlocal.net"/>
         <property name="os" value="Windows 10 64bit"/>
         <property name="katalonVersion" value="5.4.1.1"/>
         <property name="browser" value="Firefox 60.0"/>
         <property name="hostAddress" value="192.168.1.101"/>
         <property name="sessionId" value="7da3da39-8f56-4d50-a813-1d9ed428b27c"/>
         <property name="seleniumVersion" value="3.7.1"/>
         <property name="proxyInformation" value="ProxyInformation{proxyOption=NO_PROXY, proxyServerType=HTTP, password=, proxyServerAddress=, proxyServerPort=0}"/>
         <property name="platform" value="Windows 10"/>
      </properties>
      <testcase name="Test Cases/Test 1 by Tom" classname="Test Cases/Test 1 by Tom" status="PASSED">
         <system-out><![CDATA[2018-05-17 09:15:27 - [TEST_CASE][PASSED] - Test Cases/Test 1 by Tom: Test Cases/Test 1 by Tom

2018-05-17 09:15:28 - [TEST_STEP][PASSED] - openBrowser: Browser is opened with url: 'lifecharger.org'

2018-05-17 09:15:54 - [MESSAGE][PASSED] - Browser is opened with url: 'lifecharger.org'

2018-05-17 09:15:54 - [TEST_STEP][PASSED] - closeBrowser: Browser is closed

2018-05-17 09:15:55 - [MESSAGE][PASSED] - Browser is closed]]></system-out>
         <system-err><![CDATA[]]></system-err>
      </testcase>
      <testcase name="Test Cases/Test 2 by Kim" classname="Test Cases/Test 2 by Kim" status="PASSED">
         <system-out><![CDATA[2018-05-17 09:15:55 - [TEST_CASE][PASSED] - Test Cases/Test 2 by Kim: Test Cases/Test 2 by Kim

2018-05-17 09:15:55 - [TEST_STEP][PASSED] - openBrowser: Browser is opened with url: 'https://www.katalon.com'

2018-05-17 09:16:05 - [MESSAGE][PASSED] - Browser is opened with url: 'https://www.katalon.com'

2018-05-17 09:16:05 - [TEST_STEP][PASSED] - closeBrowser: Browser is closed

2018-05-17 09:16:05 - [MESSAGE][PASSED] - Browser is closed]]></system-out>
         <system-err><![CDATA[]]></system-err>
      </testcase>
      <system-out><![CDATA[2018-05-17 09:15:26 - [TEST_SUITE][PASSED] - New Test Suite1: Test Cases/Test 2 by Kim]]></system-out>
      <system-err><![CDATA[]]></system-err>
   </testsuite>
</testsuites>
